This is pdfTeX, Version 3.1415926-1.40.10 (TeX Live 2009/Debian) (format=pdflatex 2012.5.14)  6 MAR 2013 12:24
entering extended mode
 %&-line parsing enabled.
**fsi-model-presentation.tex
(./fsi-model-presentation.tex
LaTeX2e <2009/09/24>
Babel <v3.8l> and hyphenation patterns for english, usenglishmax, dumylang, noh
yphenation, loaded.
(/usr/share/texmf/tex/latex/beamer/base/beamer.cls
(/usr/share/texmf/tex/latex/beamer/base/beamerbasercs.sty
Package: beamerbasercs 2010/06/12 (rcs-revision c3821710bb40)
)
Document Class: beamer 2010/06/21 development version 3.10 A class for typesett
ing presentations (rcs-revision a6b1a8434d30)
(/usr/share/texmf/tex/latex/beamer/base/beamerbasemodes.sty
Package: beamerbasemodes 2010/05/01 (rcs-revision efa082c6111d)
\beamer@tempbox=\box26
\beamer@tempcount=\count79
\c@beamerpauses=\count80

(/usr/share/texmf/tex/latex/beamer/base/beamerbasedecode.sty
Package: beamerbasedecode 2010/05/01 (rcs-revision efa082c6111d)
\beamer@slideinframe=\count81
\beamer@minimum=\count82
)
\beamer@commentbox=\box27
\beamer@modecount=\count83
)
\headheight=\dimen102
\headdp=\dimen103
\footheight=\dimen104
\sidebarheight=\dimen105
\beamer@tempdim=\dimen106
\beamer@finalheight=\dimen107
\beamer@animht=\dimen108
\beamer@animdp=\dimen109
\beamer@animwd=\dimen110
\beamer@leftmargin=\dimen111
\beamer@rightmargin=\dimen112
\beamer@leftsidebar=\dimen113
\beamer@rightsidebar=\dimen114
\beamer@boxsize=\dimen115
\beamer@vboxoffset=\dimen116
\beamer@descdefault=\dimen117
\beamer@descriptionwidth=\dimen118
\beamer@lastskip=\skip41
\beamer@areabox=\box28
\beamer@animcurrent=\box29
\beamer@animshowbox=\box30
\beamer@sectionbox=\box31
\beamer@logobox=\box32
\beamer@linebox=\box33
\beamer@sectioncount=\count84
\beamer@subsubsectionmax=\count85
\beamer@subsectionmax=\count86
\beamer@sectionmax=\count87
\beamer@totalheads=\count88
\beamer@headcounter=\count89
\beamer@partstartpage=\count90
\beamer@sectionstartpage=\count91
\beamer@subsectionstartpage=\count92
\beamer@animationtempa=\count93
\beamer@animationtempb=\count94
\beamer@xpos=\count95
\beamer@ypos=\count96
\beamer@showpartnumber=\count97
\beamer@currentsubsection=\count98
\beamer@coveringdepth=\count99
\beamer@sectionadjust=\count100
\beamer@tocsectionnumber=\count101

(/usr/share/texmf/tex/latex/beamer/base/beamerbaseoptions.sty
Package: beamerbaseoptions 2010/04/27 (rcs-revision 982469101dd6)

(/usr/share/texmf-texlive/tex/latex/graphics/keyval.sty
Package: keyval 1999/03/16 v1.13 key=value parser (DPC)
\KV@toks@=\toks14
))
\beamer@paperwidth=\skip42
\beamer@paperheight=\skip43

(/usr/share/texmf-texlive/tex/latex/geometry/geometry.sty
Package: geometry 2008/12/21 v4.2 Page Geometry

(/usr/share/texmf-texlive/tex/generic/oberdiek/ifpdf.sty
Package: ifpdf 2009/04/10 v2.0 Provides the ifpdf switch (HO)
Package ifpdf Info: pdfTeX in pdf mode detected.
)
(/usr/share/texmf-texlive/tex/generic/oberdiek/ifvtex.sty
Package: ifvtex 2008/11/04 v1.4 Switches for detecting VTeX and its modes (HO)
Package ifvtex Info: VTeX not detected.
)
\Gm@cnth=\count102
\Gm@cntv=\count103
\c@Gm@tempcnt=\count104
\Gm@bindingoffset=\dimen119
\Gm@wd@mp=\dimen120
\Gm@odd@mp=\dimen121
\Gm@even@mp=\dimen122
\Gm@dimlist=\toks15
)
(/usr/share/texmf-texlive/tex/latex/base/size12.clo
File: size12.clo 2007/10/19 v1.4h Standard LaTeX file (size option)
)
(/usr/share/texmf/tex/latex/pgf/basiclayer/pgfcore.sty
(/usr/share/texmf-texlive/tex/latex/graphics/graphicx.sty
Package: graphicx 1999/02/16 v1.0f Enhanced LaTeX Graphics (DPC,SPQR)

(/usr/share/texmf-texlive/tex/latex/graphics/graphics.sty
Package: graphics 2009/02/05 v1.0o Standard LaTeX Graphics (DPC,SPQR)

(/usr/share/texmf-texlive/tex/latex/graphics/trig.sty
Package: trig 1999/03/16 v1.09 sin cos tan (DPC)
)
(/etc/texmf/tex/latex/config/graphics.cfg
File: graphics.cfg 2009/08/28 v1.8 graphics configuration of TeX Live
)
Package graphics Info: Driver file: pdftex.def on input line 91.

(/usr/share/texmf-texlive/tex/latex/pdftex-def/pdftex.def
File: pdftex.def 2010/03/12 v0.04p Graphics/color for pdfTeX
\Gread@gobject=\count105
))
\Gin@req@height=\dimen123
\Gin@req@width=\dimen124
)
(/usr/share/texmf/tex/latex/pgf/systemlayer/pgfsys.sty
(/usr/share/texmf/tex/latex/pgf/utilities/pgfrcs.sty
(/usr/share/texmf/tex/generic/pgf/utilities/pgfutil-common.tex
\pgfutil@everybye=\toks16
)
(/usr/share/texmf/tex/generic/pgf/utilities/pgfutil-latex.def
\pgfutil@abb=\box34

(/usr/share/texmf-texlive/tex/latex/ms/everyshi.sty
Package: everyshi 2001/05/15 v3.00 EveryShipout Package (MS)
))
(/usr/share/texmf/tex/generic/pgf/utilities/pgfrcs.code.tex
Package: pgfrcs 2010/10/25 v2.10 (rcs-revision 1.24)
))
(/usr/share/texmf/tex/generic/pgf/systemlayer/pgfsys.code.tex
Package: pgfsys 2010/06/30 v2.10 (rcs-revision 1.37)

(/usr/share/texmf/tex/generic/pgf/utilities/pgfkeys.code.tex
\pgfkeys@pathtoks=\toks17
\pgfkeys@temptoks=\toks18

(/usr/share/texmf/tex/generic/pgf/utilities/pgfkeysfiltered.code.tex
\pgfkeys@tmptoks=\toks19
))
\pgf@x=\dimen125
\pgf@y=\dimen126
\pgf@xa=\dimen127
\pgf@ya=\dimen128
\pgf@xb=\dimen129
\pgf@yb=\dimen130
\pgf@xc=\dimen131
\pgf@yc=\dimen132
\w@pgf@writea=\write3
\r@pgf@reada=\read1
\c@pgf@counta=\count106
\c@pgf@countb=\count107
\c@pgf@countc=\count108
\c@pgf@countd=\count109

(/usr/share/texmf/tex/generic/pgf/systemlayer/pgf.cfg
File: pgf.cfg 2008/05/14  (rcs-revision 1.7)
)
Package pgfsys Info: Driver file for pgf: pgfsys-pdftex.def on input line 900.

(/usr/share/texmf/tex/generic/pgf/systemlayer/pgfsys-pdftex.def
File: pgfsys-pdftex.def 2009/05/22  (rcs-revision 1.26)

(/usr/share/texmf/tex/generic/pgf/systemlayer/pgfsys-common-pdf.def
File: pgfsys-common-pdf.def 2008/05/19  (rcs-revision 1.10)
)))
(/usr/share/texmf/tex/generic/pgf/systemlayer/pgfsyssoftpath.code.tex
File: pgfsyssoftpath.code.tex 2008/07/18  (rcs-revision 1.7)
\pgfsyssoftpath@smallbuffer@items=\count110
\pgfsyssoftpath@bigbuffer@items=\count111
)
(/usr/share/texmf/tex/generic/pgf/systemlayer/pgfsysprotocol.code.tex
File: pgfsysprotocol.code.tex 2006/10/16  (rcs-revision 1.4)
))
(/usr/share/texmf/tex/latex/xcolor/xcolor.sty
Package: xcolor 2007/01/21 v2.11 LaTeX color extensions (UK)

(/etc/texmf/tex/latex/config/color.cfg
File: color.cfg 2007/01/18 v1.5 color configuration of teTeX/TeXLive
)
Package xcolor Info: Driver file: pdftex.def on input line 225.
Package xcolor Info: Model `cmy' substituted by `cmy0' on input line 1337.
Package xcolor Info: Model `hsb' substituted by `rgb' on input line 1341.
Package xcolor Info: Model `RGB' extended on input line 1353.
Package xcolor Info: Model `HTML' substituted by `rgb' on input line 1355.
Package xcolor Info: Model `Hsb' substituted by `hsb' on input line 1356.
Package xcolor Info: Model `tHsb' substituted by `hsb' on input line 1357.
Package xcolor Info: Model `HSB' substituted by `hsb' on input line 1358.
Package xcolor Info: Model `Gray' substituted by `gray' on input line 1359.
Package xcolor Info: Model `wave' substituted by `hsb' on input line 1360.
)
(/usr/share/texmf/tex/generic/pgf/basiclayer/pgfcore.code.tex
Package: pgfcore 2010/04/11 v2.10 (rcs-revision 1.7)

(/usr/share/texmf/tex/generic/pgf/math/pgfmath.code.tex
(/usr/share/texmf/tex/generic/pgf/math/pgfmathcalc.code.tex
(/usr/share/texmf/tex/generic/pgf/math/pgfmathutil.code.tex)
(/usr/share/texmf/tex/generic/pgf/math/pgfmathparser.code.tex
\pgfmath@dimen=\dimen133
\pgfmath@count=\count112
\pgfmath@box=\box35
\pgfmath@toks=\toks20
\pgfmath@stack@operand=\toks21
\pgfmath@stack@operation=\toks22
)
(/usr/share/texmf/tex/generic/pgf/math/pgfmathfunctions.code.tex
(/usr/share/texmf/tex/generic/pgf/math/pgfmathfunctions.basic.code.tex)
(/usr/share/texmf/tex/generic/pgf/math/pgfmathfunctions.trigonometric.code.tex)
(/usr/share/texmf/tex/generic/pgf/math/pgfmathfunctions.random.code.tex)
(/usr/share/texmf/tex/generic/pgf/math/pgfmathfunctions.comparison.code.tex)
(/usr/share/texmf/tex/generic/pgf/math/pgfmathfunctions.base.code.tex)
(/usr/share/texmf/tex/generic/pgf/math/pgfmathfunctions.round.code.tex)
(/usr/share/texmf/tex/generic/pgf/math/pgfmathfunctions.misc.code.tex)))
(/usr/share/texmf/tex/generic/pgf/math/pgfmathfloat.code.tex
\c@pgfmathroundto@lastzeros=\count113
))
(/usr/share/texmf/tex/generic/pgf/basiclayer/pgfcorepoints.code.tex
File: pgfcorepoints.code.tex 2010/04/09  (rcs-revision 1.20)
\pgf@picminx=\dimen134
\pgf@picmaxx=\dimen135
\pgf@picminy=\dimen136
\pgf@picmaxy=\dimen137
\pgf@pathminx=\dimen138
\pgf@pathmaxx=\dimen139
\pgf@pathminy=\dimen140
\pgf@pathmaxy=\dimen141
\pgf@xx=\dimen142
\pgf@xy=\dimen143
\pgf@yx=\dimen144
\pgf@yy=\dimen145
\pgf@zx=\dimen146
\pgf@zy=\dimen147
)
(/usr/share/texmf/tex/generic/pgf/basiclayer/pgfcorepathconstruct.code.tex
File: pgfcorepathconstruct.code.tex 2010/08/03  (rcs-revision 1.24)
\pgf@path@lastx=\dimen148
\pgf@path@lasty=\dimen149
)
(/usr/share/texmf/tex/generic/pgf/basiclayer/pgfcorepathusage.code.tex
File: pgfcorepathusage.code.tex 2008/04/22  (rcs-revision 1.12)
\pgf@shorten@end@additional=\dimen150
\pgf@shorten@start@additional=\dimen151
)
(/usr/share/texmf/tex/generic/pgf/basiclayer/pgfcorescopes.code.tex
File: pgfcorescopes.code.tex 2010/09/08  (rcs-revision 1.34)
\pgfpic=\box36
\pgf@hbox=\box37
\pgf@layerbox@main=\box38
\pgf@picture@serial@count=\count114
)
(/usr/share/texmf/tex/generic/pgf/basiclayer/pgfcoregraphicstate.code.tex
File: pgfcoregraphicstate.code.tex 2008/04/22  (rcs-revision 1.9)
\pgflinewidth=\dimen152
)
(/usr/share/texmf/tex/generic/pgf/basiclayer/pgfcoretransformations.code.tex
File: pgfcoretransformations.code.tex 2009/06/10  (rcs-revision 1.11)
\pgf@pt@x=\dimen153
\pgf@pt@y=\dimen154
\pgf@pt@temp=\dimen155
)
(/usr/share/texmf/tex/generic/pgf/basiclayer/pgfcorequick.code.tex
File: pgfcorequick.code.tex 2008/10/09  (rcs-revision 1.3)
)
(/usr/share/texmf/tex/generic/pgf/basiclayer/pgfcoreobjects.code.tex
File: pgfcoreobjects.code.tex 2006/10/11  (rcs-revision 1.2)
)
(/usr/share/texmf/tex/generic/pgf/basiclayer/pgfcorepathprocessing.code.tex
File: pgfcorepathprocessing.code.tex 2008/10/09  (rcs-revision 1.8)
)
(/usr/share/texmf/tex/generic/pgf/basiclayer/pgfcorearrows.code.tex
File: pgfcorearrows.code.tex 2008/04/23  (rcs-revision 1.11)
)
(/usr/share/texmf/tex/generic/pgf/basiclayer/pgfcoreshade.code.tex
File: pgfcoreshade.code.tex 2008/11/23  (rcs-revision 1.13)
\pgf@max=\dimen156
\pgf@sys@shading@range@num=\count115
)
(/usr/share/texmf/tex/generic/pgf/basiclayer/pgfcoreimage.code.tex
File: pgfcoreimage.code.tex 2010/03/25  (rcs-revision 1.16)

(/usr/share/texmf/tex/generic/pgf/basiclayer/pgfcoreexternal.code.tex
File: pgfcoreexternal.code.tex 2010/09/01  (rcs-revision 1.17)
\pgfexternal@startupbox=\box39
))
(/usr/share/texmf/tex/generic/pgf/basiclayer/pgfcorelayers.code.tex
File: pgfcorelayers.code.tex 2010/08/27  (rcs-revision 1.2)
)
(/usr/share/texmf/tex/generic/pgf/basiclayer/pgfcoretransparency.code.tex
File: pgfcoretransparency.code.tex 2008/01/17  (rcs-revision 1.2)
)
(/usr/share/texmf/tex/generic/pgf/basiclayer/pgfcorepatterns.code.tex
File: pgfcorepatterns.code.tex 2009/07/02  (rcs-revision 1.3)
)))
(/usr/share/texmf/tex/latex/pgf/utilities/xxcolor.sty
Package: xxcolor 2003/10/24 ver 0.1
\XC@nummixins=\count116
\XC@countmixins=\count117
)
(/usr/share/texmf-texlive/tex/latex/hyperref/hyperref.sty
Package: hyperref 2009/10/09 v6.79a Hypertext links for LaTeX

(/usr/share/texmf-texlive/tex/generic/ifxetex/ifxetex.sty
Package: ifxetex 2009/01/23 v0.5 Provides ifxetex conditional
)
(/usr/share/texmf-texlive/tex/latex/oberdiek/hycolor.sty
Package: hycolor 2009/10/02 v1.5 Code for color options of hyperref/bookmark (H
O)

(/usr/share/texmf-texlive/tex/latex/oberdiek/xcolor-patch.sty
Package: xcolor-patch 2009/10/02 xcolor patch
))
\@linkdim=\dimen157
\Hy@linkcounter=\count118
\Hy@pagecounter=\count119

(/usr/share/texmf-texlive/tex/latex/hyperref/pd1enc.def
File: pd1enc.def 2009/10/09 v6.79a Hyperref: PDFDocEncoding definition (HO)
)
(/usr/share/texmf-texlive/tex/generic/oberdiek/etexcmds.sty
Package: etexcmds 2007/12/12 v1.2 Prefix for e-TeX command names (HO)

(/usr/share/texmf-texlive/tex/generic/oberdiek/infwarerr.sty
Package: infwarerr 2007/09/09 v1.2 Providing info/warning/message (HO)
)
Package etexcmds Info: Could not find \expanded.
(etexcmds)             That can mean that you are not using pdfTeX 1.50 or
(etexcmds)             that some package has redefined \expanded.
(etexcmds)             In the latter case, load this package earlier.
)
(/usr/share/texmf-texlive/tex/latex/latexconfig/hyperref.cfg
File: hyperref.cfg 2002/06/06 v1.2 hyperref configuration of TeXLive
)
(/usr/share/texmf-texlive/tex/latex/oberdiek/kvoptions.sty
Package: kvoptions 2009/08/13 v3.4 Keyval support for LaTeX options (HO)

(/usr/share/texmf-texlive/tex/generic/oberdiek/kvsetkeys.sty
Package: kvsetkeys 2009/07/30 v1.5 Key value parser with default handler suppor
t (HO)
))
Package hyperref Info: Option `bookmarks' set `true' on input line 2864.
Package hyperref Info: Option `bookmarksopen' set `true' on input line 2864.
Package hyperref Info: Option `implicit' set `false' on input line 2864.
Package hyperref Info: Hyper figures OFF on input line 2975.
Package hyperref Info: Link nesting OFF on input line 2980.
Package hyperref Info: Hyper index ON on input line 2983.
Package hyperref Info: Plain pages OFF on input line 2990.
Package hyperref Info: Backreferencing OFF on input line 2995.

Implicit mode OFF; no redefinition of LaTeX internals
Package hyperref Info: Bookmarks ON on input line 3191.
(/usr/share/texmf-texlive/tex/latex/ltxmisc/url.sty
\Urlmuskip=\muskip10
Package: url 2006/04/12  ver 3.3  Verb mode for urls, etc.
)
LaTeX Info: Redefining \url on input line 3428.

(/usr/share/texmf-texlive/tex/generic/oberdiek/bitset.sty
Package: bitset 2007/09/28 v1.0 Data type bit set (HO)

(/usr/share/texmf-texlive/tex/generic/oberdiek/intcalc.sty
Package: intcalc 2007/09/27 v1.1 Expandable integer calculations (HO)
)
(/usr/share/texmf-texlive/tex/generic/oberdiek/bigintcalc.sty
Package: bigintcalc 2007/11/11 v1.1 Expandable big integer calculations (HO)

(/usr/share/texmf-texlive/tex/generic/oberdiek/pdftexcmds.sty
Package: pdftexcmds 2009/09/23 v0.6 LuaTeX support for pdfTeX utility functions
 (HO)

(/usr/share/texmf-texlive/tex/generic/oberdiek/ifluatex.sty
Package: ifluatex 2009/04/17 v1.2 Provides the ifluatex switch (HO)
Package ifluatex Info: LuaTeX not detected.
)
(/usr/share/texmf-texlive/tex/generic/oberdiek/ltxcmds.sty
Package: ltxcmds 2009/08/05 v1.0 Some LaTeX kernel commands for general use (HO
)
)
Package pdftexcmds Info: LuaTeX not detected.
Package pdftexcmds Info: \pdf@primitive is available.
Package pdftexcmds Info: \pdf@ifprimitive is available.
)))
\Fld@menulength=\count120
\Field@Width=\dimen158
\Fld@charsize=\dimen159
\Field@toks=\toks23
Package hyperref Info: Hyper figures OFF on input line 4377.
Package hyperref Info: Link nesting OFF on input line 4382.
Package hyperref Info: Hyper index ON on input line 4385.
Package hyperref Info: backreferencing OFF on input line 4392.
Package hyperref Info: Link coloring OFF on input line 4397.
Package hyperref Info: Link coloring with OCG OFF on input line 4402.
Package hyperref Info: PDF/A mode OFF on input line 4407.

(/usr/share/texmf-texlive/tex/generic/oberdiek/atbegshi.sty
Package: atbegshi 2008/07/31 v1.9 At begin shipout hook (HO)
)
\Hy@abspage=\count121

Hyperref stopped early
)
*hyperref using default driver hpdftex*
(/usr/share/texmf-texlive/tex/latex/hyperref/hpdftex.def
File: hpdftex.def 2009/10/09 v6.79a Hyperref driver for pdfTeX
\Fld@listcount=\count122
)
(/usr/share/texmf/tex/latex/beamer/base/beamerbaserequires.sty
Package: beamerbaserequires 2010/05/01  (rcs-revision efa082c6111d)

(/usr/share/texmf/tex/latex/beamer/base/beamerbasecompatibility.sty
Package: beamerbasecompatibility 2010/07/12  (rcs-revision 6648c3177e4e)
)
(/usr/share/texmf/tex/latex/beamer/base/beamerbasefont.sty
Package: beamerbasefont 2010/05/10  (rcs-revision cd36e8a33c6b)

(/usr/share/texmf-texlive/tex/latex/amsfonts/amssymb.sty
Package: amssymb 2009/06/22 v3.00

(/usr/share/texmf-texlive/tex/latex/amsfonts/amsfonts.sty
Package: amsfonts 2009/06/22 v3.00 Basic AMSFonts support
\@emptytoks=\toks24
\symAMSa=\mathgroup4
\symAMSb=\mathgroup5
LaTeX Font Info:    Overwriting math alphabet `\mathfrak' in version `bold'
(Font)                  U/euf/m/n --> U/euf/b/n on input line 96.
)))
(/usr/share/texmf/tex/latex/beamer/base/beamerbasetranslator.sty
Package: beamerbasetranslator 2010/06/11  (rcs-revision 85fd1cc7fc42)

(/usr/share/texmf/tex/latex/beamer/base/translator/translator.sty
Package: translator 2010/06/12 ver 1.10

(/usr/share/texmf/tex/latex/beamer/base/translator/translator-language-mappings
.tex))) (/usr/share/texmf/tex/latex/beamer/base/beamerbasemisc.sty
Package: beamerbasemisc 2010/06/06  (rcs-revision bff0a9294b45)
)
(/usr/share/texmf/tex/latex/beamer/base/beamerbasetwoscreens.sty
Package: beamerbasetwoscreens 2010/05/01  (rcs-revision efa082c6111d)
)
(/usr/share/texmf/tex/latex/beamer/base/beamerbaseoverlay.sty
Package: beamerbaseoverlay 2010/05/07  (rcs-revision 5584dad462a9)
\beamer@argscount=\count123
\beamer@lastskipcover=\skip44
\beamer@trivlistdepth=\count124
)
(/usr/share/texmf/tex/latex/beamer/base/beamerbasetitle.sty
Package: beamerbasetitle 2010/06/12  (rcs-revision 717e481ca47a)
)
(/usr/share/texmf/tex/latex/beamer/base/beamerbasesection.sty
Package: beamerbasesection 2010/06/17  (rcs-revision e0d9401bb743)
\c@lecture=\count125
\c@part=\count126
\c@section=\count127
\c@subsection=\count128
\c@subsubsection=\count129
)
(/usr/share/texmf/tex/latex/beamer/base/beamerbaseframe.sty
Package: beamerbaseframe 2010/06/06  (rcs-revision bff0a9294b45)
\beamer@framebox=\box40
\beamer@frametitlebox=\box41
\beamer@zoombox=\box42
\beamer@zoomcount=\count130
\beamer@zoomframecount=\count131
\beamer@frametextheight=\dimen160
\c@subsectionslide=\count132
\beamer@frametopskip=\skip45
\beamer@framebottomskip=\skip46
\beamer@frametopskipautobreak=\skip47
\beamer@framebottomskipautobreak=\skip48
\beamer@envbody=\toks25
\c@framenumber=\count133
)
(/usr/share/texmf/tex/latex/beamer/base/beamerbaseverbatim.sty
Package: beamerbaseverbatim 2010/05/01  (rcs-revision efa082c6111d)
\beamer@verbatimfileout=\write4
)
(/usr/share/texmf/tex/latex/beamer/base/beamerbaseframesize.sty
Package: beamerbaseframesize 2010/06/27  (rcs-revision 6baa2d92e6f1)
\beamer@splitbox=\box43
\beamer@autobreakcount=\count134
\beamer@autobreaklastheight=\dimen161
\beamer@frametitletoks=\toks26
\beamer@framesubtitletoks=\toks27
)
(/usr/share/texmf/tex/latex/beamer/base/beamerbaseframecomponents.sty
Package: beamerbaseframecomponents 2010/07/12  (rcs-revision 09e82992d9b1)
\beamer@footins=\box44
)
(/usr/share/texmf/tex/latex/beamer/base/beamerbasecolor.sty
Package: beamerbasecolor 2010/06/06  (rcs-revision d1a9b48be06d)
)
(/usr/share/texmf/tex/latex/beamer/base/beamerbasenotes.sty
Package: beamerbasenotes 2010/05/01  (rcs-revision efa082c6111d)
\beamer@frameboxcopy=\box45
)
(/usr/share/texmf/tex/latex/beamer/base/beamerbasetoc.sty
Package: beamerbasetoc 2010/06/11  (rcs-revision 242ecaa6783b)
)
(/usr/share/texmf/tex/latex/beamer/base/beamerbasetemplates.sty
Package: beamerbasetemplates 2010/05/01  (rcs-revision efa082c6111d)
\beamer@sbttoks=\toks28

(/usr/share/texmf/tex/latex/beamer/base/beamerbaseauxtemplates.sty
Package: beamerbaseauxtemplates 2010/05/01  (rcs-revision efa082c6111d)

(/usr/share/texmf/tex/latex/beamer/base/beamerbaseboxes.sty
Package: beamerbaseboxes 2010/05/01  (rcs-revision efa082c6111d)
\bmb@box=\box46
\bmb@colorbox=\box47
\bmb@boxshadow=\box48
\bmb@boxshadowball=\box49
\bmb@boxshadowballlarge=\box50
\bmb@temp=\dimen162
\bmb@dima=\dimen163
\bmb@dimb=\dimen164
\bmb@prevheight=\dimen165
)
\beamer@blockheadheight=\dimen166
))
(/usr/share/texmf/tex/latex/beamer/base/beamerbaselocalstructure.sty
Package: beamerbaselocalstructure 2010/06/01  (rcs-revision 81f9e33f7cc2)

(/usr/share/texmf-texlive/tex/latex/tools/enumerate.sty
Package: enumerate 1999/03/05 v3.00 enumerate extensions (DPC)
\@enLab=\toks29
)
\c@figure=\count135
\c@table=\count136
\abovecaptionskip=\skip49
\belowcaptionskip=\skip50
)
(/usr/share/texmf/tex/latex/beamer/base/beamerbasenavigation.sty
Package: beamerbasenavigation 2010/05/01  (rcs-revision efa082c6111d)
)
(/usr/share/texmf/tex/latex/beamer/base/beamerbasetheorems.sty
Package: beamerbasetheorems 2010/06/06  (rcs-revision 7e7cc5e53e9d)

(/usr/share/texmf-texlive/tex/latex/amsmath/amsmath.sty
Package: amsmath 2000/07/18 v2.13 AMS math features
\@mathmargin=\skip51

For additional information on amsmath, use the `?' option.
(/usr/share/texmf-texlive/tex/latex/amsmath/amstext.sty
Package: amstext 2000/06/29 v2.01

(/usr/share/texmf-texlive/tex/latex/amsmath/amsgen.sty
File: amsgen.sty 1999/11/30 v2.0
\@emptytoks=\toks30
\ex@=\dimen167
))
(/usr/share/texmf-texlive/tex/latex/amsmath/amsbsy.sty
Package: amsbsy 1999/11/29 v1.2d
\pmbraise@=\dimen168
)
(/usr/share/texmf-texlive/tex/latex/amsmath/amsopn.sty
Package: amsopn 1999/12/14 v2.01 operator names
)
\inf@bad=\count137
LaTeX Info: Redefining \frac on input line 211.
\uproot@=\count138
\leftroot@=\count139
LaTeX Info: Redefining \overline on input line 307.
\classnum@=\count140
\DOTSCASE@=\count141
LaTeX Info: Redefining \ldots on input line 379.
LaTeX Info: Redefining \dots on input line 382.
LaTeX Info: Redefining \cdots on input line 467.
\Mathstrutbox@=\box51
\strutbox@=\box52
\big@size=\dimen169
LaTeX Font Info:    Redeclaring font encoding OML on input line 567.
LaTeX Font Info:    Redeclaring font encoding OMS on input line 568.
\macc@depth=\count142
\c@MaxMatrixCols=\count143
\dotsspace@=\muskip11
\c@parentequation=\count144
\dspbrk@lvl=\count145
\tag@help=\toks31
\row@=\count146
\column@=\count147
\maxfields@=\count148
\andhelp@=\toks32
\eqnshift@=\dimen170
\alignsep@=\dimen171
\tagshift@=\dimen172
\tagwidth@=\dimen173
\totwidth@=\dimen174
\lineht@=\dimen175
\@envbody=\toks33
\multlinegap=\skip52
\multlinetaggap=\skip53
\mathdisplay@stack=\toks34
LaTeX Info: Redefining \[ on input line 2666.
LaTeX Info: Redefining \] on input line 2667.
)
(/usr/share/texmf-texlive/tex/latex/amscls/amsthm.sty
Package: amsthm 2004/08/06 v2.20
\thm@style=\toks35
\thm@bodyfont=\toks36
\thm@headfont=\toks37
\thm@notefont=\toks38
\thm@headpunct=\toks39
\thm@preskip=\skip54
\thm@postskip=\skip55
\thm@headsep=\skip56
\dth@everypar=\toks40
)
\c@theorem=\count149
)
(/usr/share/texmf/tex/latex/beamer/base/beamerbasethemes.sty
Package: beamerbasethemes 2010/05/01  (rcs-revision efa082c6111d)
))
(/usr/share/texmf/tex/latex/beamer/base/themes/theme/beamerthemedefault.sty
Package: beamerthemedefault 2010/06/17  (rcs-revision d02a7cf4d8ae)

(/usr/share/texmf/tex/latex/beamer/base/themes/font/beamerfontthemedefault.sty
Package: beamerfontthemedefault 2010/06/17  (rcs-revision d02a7cf4d8ae)
)
(/usr/share/texmf/tex/latex/beamer/base/themes/color/beamercolorthemedefault.st
y
Package: beamercolorthemedefault 2010/06/17  (rcs-revision d02a7cf4d8ae)
)
(/usr/share/texmf/tex/latex/beamer/base/themes/inner/beamerinnerthemedefault.st
y
Package: beamerinnerthemedefault 2010/06/17  (rcs-revision d02a7cf4d8ae)
\beamer@dima=\dimen176
\beamer@dimb=\dimen177
)
(/usr/share/texmf/tex/latex/beamer/base/themes/outer/beamerouterthemedefault.st
y
Package: beamerouterthemedefault 2010/06/17  (rcs-revision d02a7cf4d8ae)
))) (/usr/share/texmf/tex/latex/latex-beamer-amcg/beamerthemeamcg.sty)
(/usr/share/texmf-texlive/tex/generic/babel/babel.sty
Package: babel 2008/07/06 v3.8l The Babel package

(/usr/share/texmf-texlive/tex/generic/babel/english.ldf
Language: english 2005/03/30 v3.3o English support from the babel system

(/usr/share/texmf-texlive/tex/generic/babel/babel.def
File: babel.def 2008/07/06 v3.8l Babel common definitions
LaTeX Info: Redefining \textlatin on input line 82.
\babel@savecnt=\count150
\U@D=\dimen178
)
\l@british = a dialect from \language\l@english 
\l@UKenglish = a dialect from \language\l@english 
\l@canadian = a dialect from \language\l@american 
\l@australian = a dialect from \language\l@british 
\l@newzealand = a dialect from \language\l@british 
))
(/usr/share/texmf-texlive/tex/latex/base/inputenc.sty
Package: inputenc 2008/03/30 v1.1d Input encoding file
\inpenc@prehook=\toks41
\inpenc@posthook=\toks42

(/usr/share/texmf-texlive/tex/latex/base/latin1.def
File: latin1.def 2008/03/30 v1.1d Input encoding file
))
(/usr/share/texmf-texlive/tex/latex/csquotes/csquotes.sty
Package: csquotes 2009/09/23 v4.4c context-sensitive quotations

(/usr/share/texmf-texlive/tex/latex/etoolbox/etoolbox.sty
Package: etoolbox 2009/08/06 v1.8 e-TeX tools for LaTeX

(/usr/share/texmf-texlive/tex/latex/etex-pkg/etex.sty
Package: etex 1998/03/26 v2.0 eTeX basic definition package (PEB)
\et@xins=\count151
))
\csq@reset=\count152
\csq@gtype=\count153
\csq@glevel=\count154
\csq@qlevel=\count155
\csq@maxlvl=\count156
\csq@tshold=\count157
\csq@ltx@everypar=\toks43

(/usr/share/texmf-texlive/tex/latex/csquotes/csquotes.def
File: csquotes.def 2009/09/23 v4.4c csquotes generic definitions
)
Package csquotes Info: Trying to load configuration file 'csquotes.cfg'...
Package csquotes Info: ... configuration file loaded successfully.

(/usr/share/texmf-texlive/tex/latex/csquotes/csquotes.cfg
File: csquotes.cfg 2009/05/30 v4.4 csquotes configuration
)
Package csquotes Info: Enabling multilingual support.
)
(/usr/share/texmf-texlive/tex/latex/base/textcomp.sty
Package: textcomp 2005/09/27 v1.99g Standard LaTeX package
Package textcomp Info: Sub-encoding information:
(textcomp)               5 = only ISO-Adobe without \textcurrency
(textcomp)               4 = 5 + \texteuro
(textcomp)               3 = 4 + \textohm
(textcomp)               2 = 3 + \textestimated + \textcurrency
(textcomp)               1 = TS1 - \textcircled - \t
(textcomp)               0 = TS1 (full)
(textcomp)             Font families with sub-encoding setting implement
(textcomp)             only a restricted character set as indicated.
(textcomp)             Family '?' is the default used for unknown fonts.
(textcomp)             See the documentation for details.
Package textcomp Info: Setting ? sub-encoding to TS1/1 on input line 71.

(/usr/share/texmf-texlive/tex/latex/base/ts1enc.def
File: ts1enc.def 2001/06/05 v3.0e (jk/car/fm) Standard LaTeX file
)
LaTeX Info: Redefining \oldstylenums on input line 266.
Package textcomp Info: Setting cmr sub-encoding to TS1/0 on input line 281.
Package textcomp Info: Setting cmss sub-encoding to TS1/0 on input line 282.
Package textcomp Info: Setting cmtt sub-encoding to TS1/0 on input line 283.
Package textcomp Info: Setting cmvtt sub-encoding to TS1/0 on input line 284.
Package textcomp Info: Setting cmbr sub-encoding to TS1/0 on input line 285.
Package textcomp Info: Setting cmtl sub-encoding to TS1/0 on input line 286.
Package textcomp Info: Setting ccr sub-encoding to TS1/0 on input line 287.
Package textcomp Info: Setting ptm sub-encoding to TS1/4 on input line 288.
Package textcomp Info: Setting pcr sub-encoding to TS1/4 on input line 289.
Package textcomp Info: Setting phv sub-encoding to TS1/4 on input line 290.
Package textcomp Info: Setting ppl sub-encoding to TS1/3 on input line 291.
Package textcomp Info: Setting pag sub-encoding to TS1/4 on input line 292.
Package textcomp Info: Setting pbk sub-encoding to TS1/4 on input line 293.
Package textcomp Info: Setting pnc sub-encoding to TS1/4 on input line 294.
Package textcomp Info: Setting pzc sub-encoding to TS1/4 on input line 295.
Package textcomp Info: Setting bch sub-encoding to TS1/4 on input line 296.
Package textcomp Info: Setting put sub-encoding to TS1/5 on input line 297.
Package textcomp Info: Setting uag sub-encoding to TS1/5 on input line 298.
Package textcomp Info: Setting ugq sub-encoding to TS1/5 on input line 299.
Package textcomp Info: Setting ul8 sub-encoding to TS1/4 on input line 300.
Package textcomp Info: Setting ul9 sub-encoding to TS1/4 on input line 301.
Package textcomp Info: Setting augie sub-encoding to TS1/5 on input line 302.
Package textcomp Info: Setting dayrom sub-encoding to TS1/3 on input line 303.
Package textcomp Info: Setting dayroms sub-encoding to TS1/3 on input line 304.

Package textcomp Info: Setting pxr sub-encoding to TS1/0 on input line 305.
Package textcomp Info: Setting pxss sub-encoding to TS1/0 on input line 306.
Package textcomp Info: Setting pxtt sub-encoding to TS1/0 on input line 307.
Package textcomp Info: Setting txr sub-encoding to TS1/0 on input line 308.
Package textcomp Info: Setting txss sub-encoding to TS1/0 on input line 309.
Package textcomp Info: Setting txtt sub-encoding to TS1/0 on input line 310.
Package textcomp Info: Setting futs sub-encoding to TS1/4 on input line 311.
Package textcomp Info: Setting futx sub-encoding to TS1/4 on input line 312.
Package textcomp Info: Setting futj sub-encoding to TS1/4 on input line 313.
Package textcomp Info: Setting hlh sub-encoding to TS1/3 on input line 314.
Package textcomp Info: Setting hls sub-encoding to TS1/3 on input line 315.
Package textcomp Info: Setting hlst sub-encoding to TS1/3 on input line 316.
Package textcomp Info: Setting hlct sub-encoding to TS1/5 on input line 317.
Package textcomp Info: Setting hlx sub-encoding to TS1/5 on input line 318.
Package textcomp Info: Setting hlce sub-encoding to TS1/5 on input line 319.
Package textcomp Info: Setting hlcn sub-encoding to TS1/5 on input line 320.
Package textcomp Info: Setting hlcw sub-encoding to TS1/5 on input line 321.
Package textcomp Info: Setting hlcf sub-encoding to TS1/5 on input line 322.
Package textcomp Info: Setting pplx sub-encoding to TS1/3 on input line 323.
Package textcomp Info: Setting pplj sub-encoding to TS1/3 on input line 324.
Package textcomp Info: Setting ptmx sub-encoding to TS1/4 on input line 325.
Package textcomp Info: Setting ptmj sub-encoding to TS1/4 on input line 326.
)
(/usr/share/texmf-texlive/tex/latex/jknapltx/mathrsfs.sty
Package: mathrsfs 1996/01/01 Math RSFS package v1.0 (jk)
\symrsfs=\mathgroup6
)
(/usr/share/texmf-texlive/tex/latex/mh/mathtools.sty
Package: mathtools 2011/02/12 v1.10 mathematical typesetting tools

(/usr/share/texmf-texlive/tex/latex/tools/calc.sty
Package: calc 2007/08/22 v4.3 Infix arithmetic (KKT,FJ)
\calc@Acount=\count158
\calc@Bcount=\count159
\calc@Adimen=\dimen179
\calc@Bdimen=\dimen180
\calc@Askip=\skip57
\calc@Bskip=\skip58
LaTeX Info: Redefining \setlength on input line 76.
LaTeX Info: Redefining \addtolength on input line 77.
\calc@Ccount=\count160
\calc@Cskip=\skip59
)
(/usr/share/texmf-texlive/tex/latex/mh/mhsetup.sty
Package: mhsetup 2010/01/21 v1.2a programming setup (MH)
)
\g_MT_multlinerow_int=\count161
\l_MT_multwidth_dim=\dimen181
\origjot=\skip60
\l_MT_shortvdotswithinadjustabove_dim=\dimen182
\l_MT_shortvdotswithinadjustbelow_dim=\dimen183
)
(/usr/share/texmf-texlive/tex/latex/units/units.sty
Package: units 1998/08/04 v0.9b Typesetting units

(/usr/share/texmf-texlive/tex/latex/base/ifthen.sty
Package: ifthen 2001/05/26 v1.1c Standard LaTeX ifthen package (DPC)
)
(/usr/share/texmf-texlive/tex/latex/units/nicefrac.sty
Package: nicefrac 1998/08/04 v0.9b Nice fractions
\L@UnitsRaiseDisplaystyle=\skip61
\L@UnitsRaiseTextstyle=\skip62
\L@UnitsRaiseScriptstyle=\skip63
))
(/usr/share/texmf-texlive/tex/latex/subfigure/subfigure.sty
Package: subfigure 2002/03/15 v2.1.5 subfigure package
\subfigtopskip=\skip64
\subfigcapskip=\skip65
\subfigcaptopadj=\dimen184
\subfigbottomskip=\skip66
\subfigcapmargin=\dimen185
\subfiglabelskip=\skip67
\c@subfigure=\count162
\c@lofdepth=\count163
\c@subtable=\count164
\c@lotdepth=\count165

****************************************
* Local config file subfigure.cfg used *
****************************************
(/usr/share/texmf-texlive/tex/latex/subfigure/subfigure.cfg)
\subfig@top=\skip68
\subfig@bottom=\skip69
)
(/usr/share/texmf/tex/latex/pgf/frontendlayer/tikz.sty
(/usr/share/texmf/tex/latex/pgf/basiclayer/pgf.sty
Package: pgf 2008/01/15 v2.10 (rcs-revision 1.12)

(/usr/share/texmf/tex/generic/pgf/modules/pgfmoduleshapes.code.tex
File: pgfmoduleshapes.code.tex 2010/09/09  (rcs-revision 1.13)
\pgfnodeparttextbox=\box53
)
(/usr/share/texmf/tex/generic/pgf/modules/pgfmoduleplot.code.tex
File: pgfmoduleplot.code.tex 2010/10/22  (rcs-revision 1.8)
)
(/usr/share/texmf/tex/latex/pgf/compatibility/pgfcomp-version-0-65.sty
Package: pgfcomp-version-0-65 2007/07/03 v2.10 (rcs-revision 1.7)
\pgf@nodesepstart=\dimen186
\pgf@nodesepend=\dimen187
)
(/usr/share/texmf/tex/latex/pgf/compatibility/pgfcomp-version-1-18.sty
Package: pgfcomp-version-1-18 2007/07/23 v2.10 (rcs-revision 1.1)
))
(/usr/share/texmf/tex/latex/pgf/utilities/pgffor.sty
(/usr/share/texmf/tex/latex/pgf/utilities/pgfkeys.sty
(/usr/share/texmf/tex/generic/pgf/utilities/pgfkeys.code.tex))
(/usr/share/texmf/tex/generic/pgf/utilities/pgffor.code.tex
Package: pgffor 2010/03/23 v2.10 (rcs-revision 1.18)
\pgffor@iter=\dimen188
\pgffor@skip=\dimen189
\pgffor@stack=\toks44
\pgffor@toks=\toks45
))
(/usr/share/texmf/tex/generic/pgf/frontendlayer/tikz/tikz.code.tex
Package: tikz 2010/10/13 v2.10 (rcs-revision 1.76)

(/usr/share/texmf/tex/generic/pgf/libraries/pgflibraryplothandlers.code.tex
File: pgflibraryplothandlers.code.tex 2010/05/31 v2.10 (rcs-revision 1.15)
\pgf@plot@mark@count=\count166
\pgfplotmarksize=\dimen190
)
\tikz@lastx=\dimen191
\tikz@lasty=\dimen192
\tikz@lastxsaved=\dimen193
\tikz@lastysaved=\dimen194
\tikzleveldistance=\dimen195
\tikzsiblingdistance=\dimen196
\tikz@figbox=\box54
\tikz@tempbox=\box55
\tikztreelevel=\count167
\tikznumberofchildren=\count168
\tikznumberofcurrentchild=\count169
\tikz@fig@count=\count170

(/usr/share/texmf/tex/generic/pgf/modules/pgfmodulematrix.code.tex
File: pgfmodulematrix.code.tex 2010/08/24  (rcs-revision 1.4)
\pgfmatrixcurrentrow=\count171
\pgfmatrixcurrentcolumn=\count172
\pgf@matrix@numberofcolumns=\count173
)
\tikz@expandcount=\count174

(/usr/share/texmf/tex/generic/pgf/frontendlayer/tikz/libraries/tikzlibrarytopat
hs.code.tex
File: tikzlibrarytopaths.code.tex 2008/06/17 v2.10 (rcs-revision 1.2)
))) (/usr/share/texmf-texlive/tex/latex/pgfplots/pgfplotstable.sty
Package: pgfplotstable 2011/12/19 Part of pgfplots

(/usr/share/texmf-texlive/tex/latex/pgfplots/pgfplots.sty
(/usr/share/texmf-texlive/tex/generic/pgfplots/pgfplots.revision.tex)
Package: pgfplots 2011/12/29 v1.5.1 (git show 1.5.1-4-g53e640f )

(/usr/share/texmf-texlive/tex/generic/pgfplots/pgfplots.code.tex
(/usr/share/texmf-texlive/tex/generic/pgfplots/pgfplotscore.code.tex
\t@pgfplots@toka=\toks46
\t@pgfplots@tokb=\toks47
\t@pgfplots@tokc=\toks48
\pgfplots@tmpa=\dimen197
\c@pgfplots@coordindex=\count175
\c@pgfplots@scanlineindex=\count176

(/usr/share/texmf-texlive/tex/generic/pgfplots/sys/pgfplotssysgeneric.code.tex)
) (/usr/share/texmf-texlive/tex/generic/pgfplots/libs/pgfplotslibrary.code.tex)

(/usr/share/texmf-texlive/tex/generic/pgfplots/oldpgfcompatib/pgfplotsoldpgfsup
p_loader.code.tex
Package pgfplots: loading complementary code for your PGF version...

(/usr/share/texmf-texlive/tex/generic/pgfplots/oldpgfcompatib/pgfplotsoldpgfsup
p_misc.code.tex)
(/usr/share/texmf-texlive/tex/generic/pgfplots/oldpgfcompatib/pgfplotsoldpgfsup
p_pgfkeys.code.tex
\pgfkeys@pathtoks=\toks49
\pgfkeys@temptoks=\toks50

(/usr/share/texmf-texlive/tex/generic/pgfplots/oldpgfcompatib/pgfplotsoldpgfsup
p_pgfkeysfiltered.code.tex
\pgfkeys@tmptoks=\toks51
))
(/usr/share/texmf-texlive/tex/generic/pgfplots/oldpgfcompatib/pgfplotsoldpgfsup
p_pgfmathfloat.code.tex
\c@pgfmathroundto@lastzeros=\count177
)
(/usr/share/texmf-texlive/tex/generic/pgfplots/oldpgfcompatib/pgfplotsoldpgfsup
p_pgflibraryplothandlers.code.tex
File: pgflibraryplothandlers.code.tex 2011/12/28 v2.10 (rcs-revision 1.16)
\pgf@plot@mark@count=\count178
\pgfplotmarksize=\dimen198
)
(/usr/share/texmf-texlive/tex/generic/pgfplots/oldpgfcompatib/pgfplotsoldpgfsup
p_pgflibraryfpu.code.tex))
(/usr/share/texmf-texlive/tex/generic/pgfplots/util/pgfplotsutil.code.tex
(/usr/share/texmf-texlive/tex/generic/pgfplots/liststructure/pgfplotsliststruct
ure.code.tex)
(/usr/share/texmf-texlive/tex/generic/pgfplots/liststructure/pgfplotsliststruct
ureext.code.tex)
(/usr/share/texmf-texlive/tex/generic/pgfplots/liststructure/pgfplotsarray.code
.tex
\c@pgfplotsarray@tmp=\count179
)
(/usr/share/texmf-texlive/tex/generic/pgfplots/liststructure/pgfplotsmatrix.cod
e.tex)
(/usr/share/texmf-texlive/tex/generic/pgfplots/numtable/pgfplotstableshared.cod
e.tex
\c@pgfplotstable@counta=\count180
\t@pgfplotstable@a=\toks52
)
(/usr/share/texmf-texlive/tex/generic/pgfplots/liststructure/pgfplotsdeque.code
.tex)
(/usr/share/texmf-texlive/tex/generic/pgfplots/util/pgfplotsbinary.code.tex)
(/usr/share/texmf-texlive/tex/generic/pgfplots/util/pgfplotsutil.verb.code.tex)

(/usr/share/texmf-texlive/tex/generic/pgfplots/libs/pgflibrarypgfplots.surfshad
ing.code.tex
\c@pgfplotslibrarysurf@no=\count181

(/usr/share/texmf-texlive/tex/generic/pgfplots/sys/pgflibrarypgfplots.surfshadi
ng.pgfsys-pdftex.def)))
(/usr/share/texmf-texlive/tex/generic/pgfplots/util/pgfplotscolormap.code.tex)
(/usr/share/texmf-texlive/tex/generic/pgfplots/pgfplotsstackedplots.code.tex)
(/usr/share/texmf-texlive/tex/generic/pgfplots/pgfplotsplothandlers.code.tex
(/usr/share/texmf-texlive/tex/generic/pgfplots/pgfplotsmeshplothandler.code.tex
))
(/usr/share/texmf-texlive/tex/generic/pgfplots/pgfplotscoordprocessing.code.tex
) (/usr/share/texmf-texlive/tex/generic/pgfplots/pgfplotsticks.code.tex)
(/usr/share/texmf-texlive/tex/generic/pgfplots/pgfplots.paths.code.tex)
(/usr/share/texmf/tex/generic/pgf/frontendlayer/tikz/libraries/tikzlibrarydecor
ations.code.tex
(/usr/share/texmf/tex/generic/pgf/modules/pgfmoduledecorations.code.tex
\pgfdecoratedcompleteddistance=\dimen199
\pgfdecoratedremainingdistance=\dimen200
\pgfdecoratedinputsegmentcompleteddistance=\dimen201
\pgfdecoratedinputsegmentremainingdistance=\dimen202
\pgf@decorate@distancetomove=\dimen203
\pgf@decorate@repeatstate=\count182
\pgfdecorationsegmentamplitude=\dimen204
\pgfdecorationsegmentlength=\dimen205
)
\tikz@lib@dec@box=\box56
)
(/usr/share/texmf/tex/generic/pgf/frontendlayer/tikz/libraries/tikzlibrarydecor
ations.pathmorphing.code.tex
(/usr/share/texmf/tex/generic/pgf/libraries/decorations/pgflibrarydecorations.p
athmorphing.code.tex))
(/usr/share/texmf/tex/generic/pgf/frontendlayer/tikz/libraries/tikzlibrarydecor
ations.pathreplacing.code.tex
(/usr/share/texmf/tex/generic/pgf/libraries/decorations/pgflibrarydecorations.p
athreplacing.code.tex))
\pgfplots@numplots=\count183
\pgfplots@xmin@reg=\dimen206
\pgfplots@xmax@reg=\dimen207
\pgfplots@ymin@reg=\dimen208
\pgfplots@ymax@reg=\dimen209
\pgfplots@zmin@reg=\dimen210
\pgfplots@zmax@reg=\dimen211
)
(/usr/share/texmf/tex/generic/pgf/frontendlayer/tikz/libraries/tikzlibraryplotm
arks.code.tex
File: tikzlibraryplotmarks.code.tex 2008/01/09 v2.10 (rcs-revision 1.1)

(/usr/share/texmf/tex/generic/pgf/libraries/pgflibraryplotmarks.code.tex
File: pgflibraryplotmarks.code.tex 2010/10/15 v2.10 (rcs-revision 1.12)
)))
(/usr/share/texmf-texlive/tex/generic/pgfplots/numtable/pgfplotstable.code.tex
(/usr/share/texmf-texlive/tex/generic/pgfplots/numtable/pgfplotstable.coltype.c
ode.tex)) (/usr/share/texmf-texlive/tex/latex/tools/array.sty
Package: array 2008/09/09 v2.4c Tabular extension package (FMi)
\col@sep=\dimen212
\extrarowheight=\dimen213
\NC@list=\toks53
\extratabsurround=\skip70
\backup@length=\skip71
))
(/usr/share/texmf-texlive/tex/latex/booktabs/booktabs.sty
Package: booktabs 2005/04/14 v1.61803 publication quality tables
\heavyrulewidth=\dimen214
\lightrulewidth=\dimen215
\cmidrulewidth=\dimen216
\belowrulesep=\dimen217
\belowbottomsep=\dimen218
\aboverulesep=\dimen219
\abovetopsep=\dimen220
\cmidrulesep=\dimen221
\cmidrulekern=\dimen222
\defaultaddspace=\dimen223
\@cmidla=\count184
\@cmidlb=\count185
\@aboverulesep=\dimen224
\@belowrulesep=\dimen225
\@thisruleclass=\count186
\@lastruleclass=\count187
\@thisrulewidth=\dimen226
)
(/usr/share/texmf-texlive/tex/latex/colortbl/colortbl.sty
Package: colortbl 2001/02/13 v0.1j Color table columns (DPC)
\everycr=\toks54
\minrowclearance=\skip72
)
(/usr/share/texmf/tex/latex/beamer/base/multimedia/multimedia.sty
Package: multimedia 2004/04/10 ver 0.01
\mm@movie=\count188
)
(/usr/share/texmf-texlive/tex/latex/listings/listings.sty
\lst@mode=\count189
\lst@gtempboxa=\box57
\lst@token=\toks55
\lst@length=\count190
\lst@currlwidth=\dimen227
\lst@column=\count191
\lst@pos=\count192
\lst@lostspace=\dimen228
\lst@width=\dimen229
\lst@newlines=\count193
\lst@lineno=\count194
\lst@maxwidth=\dimen230

(/usr/share/texmf-texlive/tex/latex/listings/lstmisc.sty
File: lstmisc.sty 2007/02/22 1.4 (Carsten Heinz)
\c@lstnumber=\count195
\lst@skipnumbers=\count196
\lst@framebox=\box58
)
(/usr/share/texmf-texlive/tex/latex/listings/listings.cfg
File: listings.cfg 2007/02/22 1.4 listings configuration
))
Package: listings 2007/02/22 1.4 (Carsten Heinz)

(/usr/share/texmf-texlive/tex/latex/listings/lstlang1.sty
File: lstlang1.sty 2004/09/05 1.3 listings language file
)
(/usr/share/texmf/tex/latex/beamer/base/themes/outer/beamerouterthemetree.sty
Package: beamerouterthemetree 2010/06/17  (rcs-revision d02a7cf4d8ae)
)
(./fsi-model-presentation.aux)
\openout1 = `fsi-model-presentation.aux'.

LaTeX Font Info:    Checking defaults for OML/cmm/m/it on input line 144.
LaTeX Font Info:    ... okay on input line 144.
LaTeX Font Info:    Checking defaults for T1/cmr/m/n on input line 144.
LaTeX Font Info:    ... okay on input line 144.
LaTeX Font Info:    Checking defaults for OT1/cmr/m/n on input line 144.
LaTeX Font Info:    ... okay on input line 144.
LaTeX Font Info:    Checking defaults for OMS/cmsy/m/n on input line 144.
LaTeX Font Info:    ... okay on input line 144.
LaTeX Font Info:    Checking defaults for OMX/cmex/m/n on input line 144.
LaTeX Font Info:    ... okay on input line 144.
LaTeX Font Info:    Checking defaults for U/cmr/m/n on input line 144.
LaTeX Font Info:    ... okay on input line 144.
LaTeX Font Info:    Checking defaults for PD1/pdf/m/n on input line 144.
LaTeX Font Info:    ... okay on input line 144.
LaTeX Font Info:    Checking defaults for TS1/cmr/m/n on input line 144.
LaTeX Font Info:    Try loading font information for TS1+cmr on input line 144.


(/usr/share/texmf-texlive/tex/latex/base/ts1cmr.fd
File: ts1cmr.fd 1999/05/25 v2.5h Standard LaTeX font definitions
)
LaTeX Font Info:    ... okay on input line 144.

*geometry auto-detecting driver*
*geometry detected driver: pdftex*
-------------------- Geometry parameters
paper: user defined
landscape: --
twocolumn: --
twoside: --
asymmetric: --
h-parts: 28.45274pt, 307.28987pt, 28.45274pt
v-parts: 0.0pt, 273.14662pt, 0.0pt
hmarginratio: --
vmarginratio: --
lines: --
heightrounded: --
bindingoffset: 0.0pt
truedimen: --
includehead: true
includefoot: true
includemp: --
driver: pdftex
-------------------- Page layout dimensions and switches
\paperwidth  364.19536pt
\paperheight 273.14662pt
\textwidth  307.28987pt
\textheight 244.6939pt
\oddsidemargin  -43.81725pt
\evensidemargin -43.81725pt
\topmargin  -72.26999pt
\headheight 14.22636pt
\headsep    0.0pt
\footskip   14.22636pt
\marginparwidth 4.0pt
\marginparsep   10.0pt
\columnsep  10.0pt
\skip\footins  10.8pt plus 4.0pt minus 2.0pt
\hoffset 0.0pt
\voffset 0.0pt
\mag 1000

(1in=72.27pt, 1cm=28.45pt)
-----------------------
(/usr/share/texmf-texlive/tex/context/base/supp-pdf.mkii
[Loading MPS to PDF converter (version 2006.09.02).]
\scratchcounter=\count197
\scratchdimen=\dimen231
\scratchbox=\box59
\nofMPsegments=\count198
\nofMParguments=\count199
\everyMPshowfont=\toks56
\MPscratchCnt=\count200
\MPscratchDim=\dimen232
\MPnumerator=\count201
\everyMPtoPDFconversion=\toks57
) ABD: EveryShipout initializing macros
Package hyperref Info: Link coloring OFF on input line 144.

(/usr/share/texmf-texlive/tex/latex/hyperref/nameref.sty
Package: nameref 2007/05/29 v2.31 Cross-referencing by name of section

(/usr/share/texmf-texlive/tex/latex/oberdiek/refcount.sty
Package: refcount 2008/08/11 v3.1 Data extraction from references (HO)
)
\c@section@level=\count202
)
LaTeX Info: Redefining \ref on input line 144.
LaTeX Info: Redefining \pageref on input line 144.

(./fsi-model-presentation.out) (./fsi-model-presentation.out)
\@outlinefile=\write5
\openout5 = `fsi-model-presentation.out'.

\AtBeginShipoutBox=\box60
LaTeX Font Info:    Overwriting symbol font `operators' in version `normal'
(Font)                  OT1/cmr/m/n --> OT1/cmss/m/n on input line 144.
LaTeX Font Info:    Overwriting symbol font `operators' in version `bold'
(Font)                  OT1/cmr/bx/n --> OT1/cmss/bx/n on input line 144.
\symnumbers=\mathgroup7
\sympureletters=\mathgroup8
LaTeX Font Info:    Overwriting math alphabet `\mathrm' in version `normal'
(Font)                  OT1/cmss/m/n --> OT1/cmr/m/n on input line 144.
LaTeX Font Info:    Redeclaring math alphabet \mathbf on input line 144.
LaTeX Font Info:    Overwriting math alphabet `\mathbf' in version `normal'
(Font)                  OT1/cmr/bx/n --> OT1/cmss/bx/n on input line 144.
LaTeX Font Info:    Overwriting math alphabet `\mathbf' in version `bold'
(Font)                  OT1/cmr/bx/n --> OT1/cmss/bx/n on input line 144.
LaTeX Font Info:    Redeclaring math alphabet \mathsf on input line 144.
LaTeX Font Info:    Overwriting math alphabet `\mathsf' in version `normal'
(Font)                  OT1/cmss/m/n --> OT1/cmss/m/n on input line 144.
LaTeX Font Info:    Overwriting math alphabet `\mathsf' in version `bold'
(Font)                  OT1/cmss/bx/n --> OT1/cmss/m/n on input line 144.
LaTeX Font Info:    Redeclaring math alphabet \mathit on input line 144.
LaTeX Font Info:    Overwriting math alphabet `\mathit' in version `normal'
(Font)                  OT1/cmr/m/it --> OT1/cmss/m/it on input line 144.
LaTeX Font Info:    Overwriting math alphabet `\mathit' in version `bold'
(Font)                  OT1/cmr/bx/it --> OT1/cmss/m/it on input line 144.
LaTeX Font Info:    Redeclaring math alphabet \mathtt on input line 144.
LaTeX Font Info:    Overwriting math alphabet `\mathtt' in version `normal'
(Font)                  OT1/cmtt/m/n --> OT1/cmtt/m/n on input line 144.
LaTeX Font Info:    Overwriting math alphabet `\mathtt' in version `bold'
(Font)                  OT1/cmtt/m/n --> OT1/cmtt/m/n on input line 144.
LaTeX Font Info:    Overwriting symbol font `numbers' in version `bold'
(Font)                  OT1/cmss/m/n --> OT1/cmss/bx/n on input line 144.
LaTeX Font Info:    Overwriting symbol font `pureletters' in version `bold'
(Font)                  OT1/cmss/m/it --> OT1/cmss/bx/it on input line 144.
LaTeX Font Info:    Overwriting math alphabet `\mathrm' in version `bold'
(Font)                  OT1/cmss/bx/n --> OT1/cmr/bx/n on input line 144.
LaTeX Font Info:    Overwriting math alphabet `\mathbf' in version `bold'
(Font)                  OT1/cmss/bx/n --> OT1/cmss/bx/n on input line 144.
LaTeX Font Info:    Overwriting math alphabet `\mathsf' in version `bold'
(Font)                  OT1/cmss/m/n --> OT1/cmss/bx/n on input line 144.
LaTeX Font Info:    Overwriting math alphabet `\mathit' in version `bold'
(Font)                  OT1/cmss/m/it --> OT1/cmss/bx/it on input line 144.
LaTeX Font Info:    Overwriting math alphabet `\mathtt' in version `bold'
(Font)                  OT1/cmtt/m/n --> OT1/cmtt/bx/n on input line 144.

(/usr/share/texmf/tex/latex/beamer/base/translator/dicts/translator-basic-dicti
onary/translator-basic-dictionary-English.dict
Dictionary: translator-basic-dictionary, Language: English 
)
(/usr/share/texmf/tex/latex/beamer/base/translator/dicts/translator-bibliograph
y-dictionary/translator-bibliography-dictionary-English.dict
Dictionary: translator-bibliography-dictionary, Language: English 
)
(/usr/share/texmf/tex/latex/beamer/base/translator/dicts/translator-environment
-dictionary/translator-environment-dictionary-English.dict
Dictionary: translator-environment-dictionary, Language: English 
)
(/usr/share/texmf/tex/latex/beamer/base/translator/dicts/translator-months-dict
ionary/translator-months-dictionary-English.dict
Dictionary: translator-months-dictionary, Language: English 
)
(/usr/share/texmf/tex/latex/beamer/base/translator/dicts/translator-numbers-dic
tionary/translator-numbers-dictionary-English.dict
Dictionary: translator-numbers-dictionary, Language: English 
)
(/usr/share/texmf/tex/latex/beamer/base/translator/dicts/translator-theorem-dic
tionary/translator-theorem-dictionary-English.dict
Dictionary: translator-theorem-dictionary, Language: English 
)
\c@lstlisting=\count203

(./fsi-model-presentation.nav)
LaTeX Font Info:    Try loading font information for U+msa on input line 144.

(/usr/share/texmf-texlive/tex/latex/amsfonts/umsa.fd
File: umsa.fd 2009/06/22 v3.00 AMS symbols A
)
LaTeX Font Info:    Try loading font information for U+msb on input line 144.

(/usr/share/texmf-texlive/tex/latex/amsfonts/umsb.fd
File: umsb.fd 2009/06/22 v3.00 AMS symbols B
)
LaTeX Font Info:    Try loading font information for U+rsfs on input line 144.

(/usr/share/texmf-texlive/tex/latex/jknapltx/ursfs.fd
File: ursfs.fd 1998/03/24 rsfs font definition file (jk)
)
<AMCGFlow-long.png, id=44, 328.22626pt x 80.3pt>
File: AMCGFlow-long.png Graphic file (type png)
 <use AMCGFlow-long.png>

LaTeX Font Warning: Font shape `OT1/cmss/m/n' in size <4> not available
(Font)              size <5> substituted on input line 151.

File: AMCGFlow-long.png Graphic file (type png)
<use AMCGFlow-long.png> [1{/var/lib/texmf/fonts/map/pdftex/updmap/pdftex.map}

 </usr/share/texmf/tex/latex/latex-beamer-amcg/AMCGFlow-long.png (PNG copy)>]
(./fsi-model-presentation.toc)
File: AMCGFlow-long.png Graphic file (type png)
 <use AMCGFlow-long.png> [2

]
File: AMCGFlow-long.png Graphic file (type png)

<use AMCGFlow-long.png> [3

]
File: AMCGFlow-long.png Graphic file (type png)
 <use AMCGFlow-long.png> [4

]
File: AMCGFlow-long.png Graphic file (type png)

<use AMCGFlow-long.png> [5

]
File: AMCGFlow-long.png Graphic file (type png)
 <use AMCGFlow-long.png> [6

]
File: AMCGFlow-long.png Graphic file (type png)

<use AMCGFlow-long.png> [7

]
File: AMCGFlow-long.png Graphic file (type png)
 <use AMCGFlow-long.png> [8

]
File: AMCGFlow-long.png Graphic file (type png)

<use AMCGFlow-long.png> [9

]
File: AMCGFlow-long.png Graphic file (type png)
 <use AMCGFlow-long.png> [10

]
<content/projection/images/supermesh-input-meshes-farrell.png, id=361, 859.21pt
 x 421.575pt>
File: content/projection/images/supermesh-input-meshes-farrell.png Graphic file
 (type png)

<use content/projection/images/supermesh-input-meshes-farrell.png>
File: AMCGFlow-long.png Graphic file (type png)

<use AMCGFlow-long.png> [11

 <./content/projection/images/supermesh-input-meshes-farrell.png>]
<content/projection/images/supermesh-supermesh-for-target-mesh-farrell.png, id=
394, 459.7175pt x 426.59375pt>
File: content/projection/images/supermesh-supermesh-for-target-mesh-farrell.png
 Graphic file (type png)

<use content/projection/images/supermesh-supermesh-for-target-mesh-farrell.png>
File: AMCGFlow-long.png Graphic file (type png)
<use AMCGFlow-long.png> [12

 <./content/projection/images/supermesh-supermesh-for-target-mesh-farrell.png>]
File: AMCGFlow-long.png Graphic file (type png)
 <use AMCGFlow-long.png> [13

]
File: AMCGFlow-long.png Graphic file (type png)

<use AMCGFlow-long.png> [14

]
File: AMCGFlow-long.png Graphic file (type png)
 <use AMCGFlow-long.png> [15

]
File: AMCGFlow-long.png Graphic file (type png)

<use AMCGFlow-long.png> [16

]
File: AMCGFlow-long.png Graphic file (type png)
 <use AMCGFlow-long.png> [17

]
File: AMCGFlow-long.png Graphic file (type png)

<use AMCGFlow-long.png> [18

]
File: AMCGFlow-long.png Graphic file (type png)
 <use AMCGFlow-long.png> [19

]
<content/projection/images/mesh.png, id=631, 826.08624pt x 826.08624pt>
File: content/projection/images/mesh.png Graphic file (type png)

<use content/projection/images/mesh.png>
File: AMCGFlow-long.png Graphic file (type png)
 <use AMCGFlow-long.png> [20

 <./content/projection/images/mesh.png>]
<content/projection/images/crop_schematic_1way_interpolation.pdf, id=661, 435.6
275pt x 220.825pt>
File: content/projection/images/crop_schematic_1way_interpolation.pdf Graphic f
ile (type pdf)

<use content/projection/images/crop_schematic_1way_interpolation.pdf>
File: AMCGFlow-long.png Graphic file (type png)

<use AMCGFlow-long.png> [21

 <./content/projection/images/crop_schematic_1way_interpolation.pdf>]
<content/projection/images/solid_concentration-unbounded-projection.png, id=726
, 1231.60126pt x 629.35126pt>
File: content/projection/images/solid_concentration-unbounded-projection.png Gr
aphic file (type png)

<use content/projection/images/solid_concentration-unbounded-projection.png>
File: AMCGFlow-long.png Graphic file (type png)

<use AMCGFlow-long.png> [22

 <./content/projection/images/solid_concentration-unbounded-projection.png (PNG
 copy)>]
<content/projection/images/solid_concentration-unbounded-projection-zoom.png, i
d=756, 1231.60126pt x 654.445pt>
File: content/projection/images/solid_concentration-unbounded-projection-zoom.p
ng Graphic file (type png)

<use content/projection/images/solid_concentration-unbounded-projection-zoom.pn
g>
File: AMCGFlow-long.png Graphic file (type png)
 <use AMCGFlow-long.png> [23

 <./content/projection/images/solid_concentration-unbounded-projection-zoom.png
 (PNG copy)>]
<content/projection/images/solid_concentration-bounded-projection.png, id=786, 
1231.60126pt x 629.35126pt>
File: content/projection/images/solid_concentration-bounded-projection.png Grap
hic file (type png)

<use content/projection/images/solid_concentration-bounded-projection.png>
File: AMCGFlow-long.png Graphic file (type png)

<use AMCGFlow-long.png> [24

 <./content/projection/images/solid_concentration-bounded-projection.png (PNG c
opy)>]
<content/projection/images/solid_concentration-bounded-projection-zoom.png, id=
815, 1231.60126pt x 654.445pt>
File: content/projection/images/solid_concentration-bounded-projection-zoom.png
 Graphic file (type png)

<use content/projection/images/solid_concentration-bounded-projection-zoom.png>
File: AMCGFlow-long.png Graphic file (type png)
<use AMCGFlow-long.png> [25

 <./content/projection/images/solid_concentration-bounded-projection-zoom.png (
PNG copy)>]
File: AMCGFlow-long.png Graphic file (type png)
 <use AMCGFlow-long.png> [26

]
<content/projection/images/initial_mesh_fsi.png, id=875, 1409.265pt x 262.9825p
t>
File: content/projection/images/initial_mesh_fsi.png Graphic file (type png)
 <use content/projection/images/initial_mesh_fsi.png>
Overfull \hbox (2.49619pt too wide) in paragraph at lines 383--383
 [] 
 []

File: AMCGFlow-long.png Graphic file (type png)
<use AMCGFlow-long.png> [27

 <./content/projection/images/initial_mesh_fsi.png (PNG copy)>]
File: content/projection/images/initial_mesh_fsi.png Graphic file (type png)
 <use content/projection/images/initial_mesh_fsi.png>
Overfull \hbox (2.49619pt too wide) in paragraph at lines 383--383
 [] 
 []


<content/projection/images/mesh_adaptivity_in_fsi.png, id=904, 1409.265pt x 262
.9825pt>
File: content/projection/images/mesh_adaptivity_in_fsi.png Graphic file (type p
ng)
 <use content/projection/images/mesh_adaptivity_in_fsi.png>
Overfull \hbox (2.49619pt too wide) in paragraph at lines 383--383
 [][] 
 []

File: AMCGFlow-long.png Graphic file (type png)
<use AMCGFlow-long.png> [28

 <./content/projection/images/mesh_adaptivity_in_fsi.png (PNG copy)>]
File: AMCGFlow-long.png Graphic file (type png)
 <use AMCGFlow-long.png> [29

]
File: AMCGFlow-long.png Graphic file (type png)
 <use AMCGFlow-long.png> [30

]
<content/fsi-images/re5000_sphere_legend.png, id=994, 1279.78125pt x 668.4975pt
>
File: content/fsi-images/re5000_sphere_legend.png Graphic file (type png)
 <use content/fsi-images/re5000_sphere_legend.png>
File: AMCGFlow-long.png Graphic file (type png)
 <use AMCGFlow-long.png>
[31

 <./content/fsi-images/re5000_sphere_legend.png (PNG copy)>]
<content/fsi-images/von_karman_vortex_street.png, id=1026, 1409.265pt x 871.255
pt>
File: content/fsi-images/von_karman_vortex_street.png Graphic file (type png)
 <use content/fsi-images/von_karman_vortex_street.png>
File: AMCGFlow-long.png Graphic file (type png)

<use AMCGFlow-long.png> [32

 <./content/fsi-images/von_karman_vortex_street.png (PNG copy)>]
<content/fsi-images/flow_past_stationary_turbine-fluidmesh_cut.png, id=1055, 14
45.4pt x 865.2325pt>
File: content/fsi-images/flow_past_stationary_turbine-fluidmesh_cut.png Graphic
 file (type png)

<use content/fsi-images/flow_past_stationary_turbine-fluidmesh_cut.png>
File: AMCGFlow-long.png Graphic file (type png)

<use AMCGFlow-long.png> [33

 <./content/fsi-images/flow_past_stationary_turbine-fluidmesh_cut.png (PNG copy
)>]
<content/fsi-images/back-blades-velocity-arrows-tracer.png, id=1087, 1223.57124
pt x 681.54625pt>
File: content/fsi-images/back-blades-velocity-arrows-tracer.png Graphic file (t
ype png)

<use content/fsi-images/back-blades-velocity-arrows-tracer.png>
File: AMCGFlow-long.png Graphic file (type png)

<use AMCGFlow-long.png> [34

 <./content/fsi-images/back-blades-velocity-arrows-tracer.png (PNG copy)>]
File: content/fsi-images/back-blades-velocity-arrows-tracer.png Graphic file (t
ype png)

<use content/fsi-images/back-blades-velocity-arrows-tracer.png>
File: AMCGFlow-long.png Graphic file (type png)

<use AMCGFlow-long.png> [35

]
File: AMCGFlow-long.png Graphic file (type png)
 <use AMCGFlow-long.png> [36

]
File: AMCGFlow-long.png Graphic file (type png)

<use AMCGFlow-long.png> [37

]
<content/st-andrews-cross/momentum-source/momentum-source-st-andrews-cross-fixe
d-newsetup-p1dgp2-el-0-2_source_and_velocity_glyphs.png, id=1205, 1231.60126pt 
x 654.445pt>
File: content/st-andrews-cross/momentum-source/momentum-source-st-andrews-cross
-fixed-newsetup-p1dgp2-el-0-2_source_and_velocity_glyphs.png Graphic file (type
 png)

<use content/st-andrews-cross/momentum-source/momentum-source-st-andrews-cross-
fixed-newsetup-p1dgp2-el-0-2_source_and_velocity_glyphs.png>
File: AMCGFlow-long.png Graphic file (type png)

<use AMCGFlow-long.png> [38

 <./content/st-andrews-cross/momentum-source/momentum-source-st-andrews-cross-f
ixed-newsetup-p1dgp2-el-0-2_source_and_velocity_glyphs.png (PNG copy)>]
<content/st-andrews-cross/fsi/fsi-st-andrews-cross-tophat-adap_vely_sinv_r05_el
-0-01_velocity_glyphs.png, id=1237, 1231.60126pt x 654.445pt>
File: content/st-andrews-cross/fsi/fsi-st-andrews-cross-tophat-adap_vely_sinv_r
05_el-0-01_velocity_glyphs.png Graphic file (type png)

<use content/st-andrews-cross/fsi/fsi-st-andrews-cross-tophat-adap_vely_sinv_r0
5_el-0-01_velocity_glyphs.png>
File: AMCGFlow-long.png Graphic file (type png)
 <use AMCGFlow-long.png> [39

 <./content/st-andrews-cross/fsi/fsi-st-andrews-cross-tophat-adap_vely_sinv_r05
_el-0-01_velocity_glyphs.png (PNG copy)>]
<content/st-andrews-cross/movies/fsi-st-andrews-cross-tophat-fixed_veryfine_sin
v_r05_el-0-05-startscreen.png, id=1267, 1458.44875pt x 691.58376pt>
File: content/st-andrews-cross/movies/fsi-st-andrews-cross-tophat-fixed_veryfin
e_sinv_r05_el-0-05-startscreen.png Graphic file (type png)

<use content/st-andrews-cross/movies/fsi-st-andrews-cross-tophat-fixed_veryfine
_sinv_r05_el-0-05-startscreen.png>
Overfull \hbox (5.69043pt too wide) in paragraph at lines 496--496
 [][] 
 []


Overfull \vbox (12.22778pt too high) detected at line 496
 []

File: AMCGFlow-long.png Graphic file (type png)
<use AMCGFlow-long.png> [40

 <./content/st-andrews-cross/movies/fsi-st-andrews-cross-tophat-fixed_veryfine_
sinv_r05_el-0-05-startscreen.png (PNG copy)>]
<content/st-andrews-cross/movies/fsi-st-andrews-cross-tophat-adap_vely_sinv_r05
_el-0-01-startscreen.png, id=1298, 1204.5pt x 662.475pt>
File: content/st-andrews-cross/movies/fsi-st-andrews-cross-tophat-adap_vely_sin
v_r05_el-0-01-startscreen.png Graphic file (type png)

<use content/st-andrews-cross/movies/fsi-st-andrews-cross-tophat-adap_vely_sinv
_r05_el-0-01-startscreen.png>
Overfull \hbox (5.69043pt too wide) in paragraph at lines 496--496
 [][] 
 []


Overfull \vbox (12.22778pt too high) detected at line 496
 []

File: AMCGFlow-long.png Graphic file (type png)
<use AMCGFlow-long.png> [41

 <./content/st-andrews-cross/movies/fsi-st-andrews-cross-tophat-adap_vely_sinv_
r05_el-0-01-startscreen.png (PNG copy)>]
<content/st-andrews-cross/movies/fsi-st-andrews-cross-tophat-adap_vely_sinv_r05
_el-0-01_closeup-startscreen.png, id=1328, 1204.5pt x 662.475pt>
File: content/st-andrews-cross/movies/fsi-st-andrews-cross-tophat-adap_vely_sin
v_r05_el-0-01_closeup-startscreen.png Graphic file (type png)

<use content/st-andrews-cross/movies/fsi-st-andrews-cross-tophat-adap_vely_sinv
_r05_el-0-01_closeup-startscreen.png>
Overfull \hbox (5.69043pt too wide) in paragraph at lines 496--496
 [][] 
 []

File: AMCGFlow-long.png Graphic file (type png)
<use AMCGFlow-long.png> [42

 <./content/st-andrews-cross/movies/fsi-st-andrews-cross-tophat-adap_vely_sinv_
r05_el-0-01_closeup-startscreen.png (PNG copy)>]
<content/st-andrews-cross/convergence-plots/postprocessing_st-andrews-cross_fsi
.pdf, id=1358, 446.66875pt x 356.33125pt>
File: content/st-andrews-cross/convergence-plots/postprocessing_st-andrews-cros
s_fsi.pdf Graphic file (type pdf)

<use content/st-andrews-cross/convergence-plots/postprocessing_st-andrews-cross
_fsi.pdf>
File: AMCGFlow-long.png Graphic file (type png)
 <use AMCGFlow-long.png> [43

 <./content/st-andrews-cross/convergence-plots/postprocessing_st-andrews-cross_
fsi.pdf>]
<content/st-andrews-cross/convergence-plots/pgfplot_texfile_st-andrews-cross_fs
i_results_elmin.pdf, id=1435, 313.17pt x 203.76125pt>
File: content/st-andrews-cross/convergence-plots/pgfplot_texfile_st-andrews-cro
ss_fsi_results_elmin.pdf Graphic file (type pdf)

<use content/st-andrews-cross/convergence-plots/pgfplot_texfile_st-andrews-cros
s_fsi_results_elmin.pdf>
File: AMCGFlow-long.png Graphic file (type png)
 <use AMCGFlow-long.png> [44

 <./content/st-andrews-cross/convergence-plots/pgfplot_texfile_st-andrews-cross
_fsi_results_elmin.pdf>]
<content/st-andrews-cross/convergence-plots/pgfplot_texfile_st-andrews-cross_fs
i_results_numnodes.pdf, id=1487, 313.17pt x 199.74625pt>
File: content/st-andrews-cross/convergence-plots/pgfplot_texfile_st-andrews-cro
ss_fsi_results_numnodes.pdf Graphic file (type pdf)

<use content/st-andrews-cross/convergence-plots/pgfplot_texfile_st-andrews-cros
s_fsi_results_numnodes.pdf>
File: AMCGFlow-long.png Graphic file (type png)
 <use AMCGFlow-long.png> [45

 <./content/st-andrews-cross/convergence-plots/pgfplot_texfile_st-andrews-cross
_fsi_results_numnodes.pdf>]
(./content/st-andrews-cross/convergence-plots/table-fixed/st-andrews-cross-vali
dation_include.tex
(./content/st-andrews-cross/convergence-plots/table-fixed/pgftablesettings_st-a
ndrews-cross-validation.tex)
PGFPlots: reading {content/st-andrews-cross/convergence-plots/table-fixed/st-an
drews-cross-validation_data.pgfdat}

Overfull \hbox (2.9576pt too wide) in paragraph at lines 12--13
 [] 
 []

)
File: AMCGFlow-long.png Graphic file (type png)
 <use AMCGFlow-long.png> [46

]
(./content/st-andrews-cross/convergence-plots/table-adaptive/st-andrews-cross-v
alidation_include.tex
(./content/st-andrews-cross/convergence-plots/table-adaptive/pgftablesettings_s
t-andrews-cross-validation.tex)
PGFPlots: reading {content/st-andrews-cross/convergence-plots/table-adaptive/st
-andrews-cross-validation_data.pgfdat}
)
File: AMCGFlow-long.png Graphic file (type png)
 <use AMCGFlow-long.png> [47

]
<content/movies/dstl-ellipsoid-p1p1-2D-el-0-2-startscreen.png, id=1595, 1204.5p
t x 662.475pt>
File: content/movies/dstl-ellipsoid-p1p1-2D-el-0-2-startscreen.png Graphic file
 (type png)

<use content/movies/dstl-ellipsoid-p1p1-2D-el-0-2-startscreen.png>
Overfull \hbox (5.69043pt too wide) in paragraph at lines 526--526
[][][]  
 []

File: AMCGFlow-long.png Graphic file (type png)
<use AMCGFlow-long.png> [48

 <./content/movies/dstl-ellipsoid-p1p1-2D-el-0-2-startscreen.png (PNG copy)>]
File: AMCGFlow-long.png Graphic file (type png)
 <use AMCGFlow-long.png> [49

]
File: AMCGFlow-long.png Graphic file (type png)
 <use AMCGFlow-long.png>
[50

]
File: AMCGFlow-long.png Graphic file (type png)
 <use AMCGFlow-long.png> [51

]
<content/diamond-setup/images/diamond-embedded-models-solid-mesh.png, id=1716, 
595.22375pt x 244.915pt>
File: content/diamond-setup/images/diamond-embedded-models-solid-mesh.png Graph
ic file (type png)

<use content/diamond-setup/images/diamond-embedded-models-solid-mesh.png>
File: AMCGFlow-long.png Graphic file (type png)

<use AMCGFlow-long.png> [52

 <./content/diamond-setup/images/diamond-embedded-models-solid-mesh.png (PNG co
py)>]
<content/diamond-setup/images/diamond-fsi-projection.png, id=1746, 399.4925pt x
 201.75375pt>
File: content/diamond-setup/images/diamond-fsi-projection.png Graphic file (typ
e png)
 <use content/diamond-setup/images/diamond-fsi-projection.png>
File: AMCGFlow-long.png Graphic file (type png)

<use AMCGFlow-long.png> [53

 <./content/diamond-setup/images/diamond-fsi-projection.png (PNG copy)>]
<content/diamond-setup/images/diamond-fsi-solid-phase.png, id=1775, 748.7975pt 
x 401.5pt>
File: content/diamond-setup/images/diamond-fsi-solid-phase.png Graphic file (ty
pe png)
 <use content/diamond-setup/images/diamond-fsi-solid-phase.png>
Overfull \vbox (2.68593pt too high) detected at line 547
 []

File: AMCGFlow-long.png Graphic file (type png)
<use AMCGFlow-long.png> [54

 <./content/diamond-setup/images/diamond-fsi-solid-phase.png (PNG copy)>]
File: content/diamond-setup/images/diamond-fsi-solid-phase.png Graphic file (ty
pe png)

<use content/diamond-setup/images/diamond-fsi-solid-phase.png>
File: AMCGFlow-long.png Graphic file (type png)

<use AMCGFlow-long.png> [55

]
<content/diamond-setup/images/diamond-fsi-prescribed-velocity-ellipse.png, id=1
834, 739.76375pt x 570.13pt>
File: content/diamond-setup/images/diamond-fsi-prescribed-velocity-ellipse.png 
Graphic file (type png)

<use content/diamond-setup/images/diamond-fsi-prescribed-velocity-ellipse.png>
File: AMCGFlow-long.png Graphic file (type png)

<use AMCGFlow-long.png> [56

 <./content/diamond-setup/images/diamond-fsi-prescribed-velocity-ellipse.png (P
NG copy)>]
<content/schematic/1way_coupling_prescribed_rotation.pdf, id=1864, 558.01976pt 
x 379.7668pt>
File: content/schematic/1way_coupling_prescribed_rotation.pdf Graphic file (typ
e pdf)
 <use content/schematic/1way_coupling_prescribed_rotation.pdf>
File: AMCGFlow-long.png Graphic file (type png)

<use AMCGFlow-long.png> [57

 <./content/schematic/1way_coupling_prescribed_rotation.pdf>]
<content/diamond-setup/images/diamond-fsi-prescribed-velocity-turbine-blades.pn
g, id=1929, 1177.39874pt x 819.06pt>
File: content/diamond-setup/images/diamond-fsi-prescribed-velocity-turbine-blad
es.png Graphic file (type png)

<use content/diamond-setup/images/diamond-fsi-prescribed-velocity-turbine-blade
s.png>
File: AMCGFlow-long.png Graphic file (type png)
 <use AMCGFlow-long.png> [58

 <./content/diamond-setup/images/diamond-fsi-prescribed-velocity-turbine-blades
.png (PNG copy)>]
File: AMCGFlow-long.png Graphic file (type png)
 <use AMCGFlow-long.png>
[59

]
File: AMCGFlow-long.png Graphic file (type png)
 <use AMCGFlow-long.png> [60

]
File: AMCGFlow-long.png Graphic file (type png)
 <use AMCGFlow-long.png> [61

]
\tf@nav=\write6
\openout6 = `fsi-model-presentation.nav'.

\tf@toc=\write7
\openout7 = `fsi-model-presentation.toc'.

\tf@snm=\write8
\openout8 = `fsi-model-presentation.snm'.


(./fsi-model-presentation.aux)

LaTeX Font Warning: Size substitutions with differences
(Font)              up to 1.0pt have occurred.

 ) 
Here is how much of TeX's memory you used:
 28301 strings out of 495061
 612051 string characters out of 1182621
 10720501 words of memory out of 240675393
 30610 multiletter control sequences out of 15000+50000
 18046 words of font info for 70 fonts, out of 3000000 for 9000
 28 hyphenation exceptions out of 8191
 57i,18n,76p,807b,1228s stack positions out of 30000i,500n,10000p,200000b,80000s
</usr/share/texmf-texlive/fonts/type1/public/amsfonts/cm/cmex10.pfb></usr/sha
re/texmf-texlive/fonts/type1/public/amsfonts/cm/cmmi10.pfb></usr/share/texmf-te
xlive/fonts/type1/public/amsfonts/cm/cmmi12.pfb></usr/share/texmf-texlive/fonts
/type1/public/amsfonts/cm/cmmi6.pfb></usr/share/texmf-texlive/fonts/type1/publi
c/amsfonts/cm/cmmi7.pfb></usr/share/texmf-texlive/fonts/type1/public/amsfonts/c
m/cmmi8.pfb></usr/share/texmf-texlive/fonts/type1/public/amsfonts/cm/cmr10.pfb>
</usr/share/texmf-texlive/fonts/type1/public/amsfonts/cm/cmr7.pfb></usr/share/t
exmf-texlive/fonts/type1/public/amsfonts/cm/cmss10.pfb></usr/share/texmf-texliv
e/fonts/type1/public/amsfonts/cm/cmss12.pfb></usr/share/texmf-texlive/fonts/typ
e1/public/amsfonts/cm/cmss17.pfb></usr/share/texmf-texlive/fonts/type1/public/a
msfonts/cm/cmss8.pfb></usr/share/texmf-texlive/fonts/type1/public/amsfonts/cm/c
mssbx10.pfb></usr/share/texmf-texlive/fonts/type1/public/amsfonts/cm/cmssi10.pf
b></usr/share/texmf-texlive/fonts/type1/public/amsfonts/cm/cmssi12.pfb></usr/sh
are/texmf-texlive/fonts/type1/public/amsfonts/cm/cmssi8.pfb></usr/share/texmf-t
exlive/fonts/type1/public/amsfonts/cm/cmsy10.pfb></usr/share/texmf-texlive/font
s/type1/public/amsfonts/cm/cmsy7.pfb></usr/share/texmf-texlive/fonts/type1/publ
ic/amsfonts/cm/cmsy8.pfb></usr/share/texmf-texlive/fonts/type1/public/amsfonts/
cm/cmtt10.pfb></usr/share/texmf-texlive/fonts/type1/public/amsfonts/symbols/msa
m10.pfb></usr/share/texmf-texlive/fonts/type1/public/amsfonts/symbols/msam7.pfb
>
Output written on fsi-model-presentation.pdf (61 pages, 4672243 bytes).
PDF statistics:
 2133 PDF objects out of 2487 (max. 8388607)
 132 named destinations out of 1000 (max. 500000)
 251 words of extra memory for PDF output out of 10000 (max. 10000000)

